<?xml version="1.0" encoding="UTF-8"?>
<!-- Generated by org.testng.reporters.JUnitReportReporter -->
<testsuite skipped="0" hostname="LAPTOP-GCS6IJGA" name="Demo_TestNG.Demo_TestNG.priority_TestNg" tests="4" failures="0" timestamp="21 May 2020 22:26:13 GMT" time="0.024" errors="0">
  <testcase name="a1M1" time="0.017" classname="Demo_TestNG.Demo_TestNG.priority_TestNg"/>
  <testcase name="aM1" time="0.003" classname="Demo_TestNG.Demo_TestNG.priority_TestNg"/>
  <testcase name="m1" time="0.002" classname="Demo_TestNG.Demo_TestNG.priority_TestNg"/>
  <testcase name="A2M1" time="0.002" classname="Demo_TestNG.Demo_TestNG.priority_TestNg"/>
</testsuite> <!-- Demo_TestNG.Demo_TestNG.priority_TestNg -->
