<?xml version="1.0" encoding="UTF-8"?>
<!-- Generated by org.testng.reporters.JUnitReportReporter -->
<testsuite skipped="0" hostname="LAPTOP-GCS6IJGA" name="Demo_TestNG.Demo_TestNG.annotation_1" tests="1" failures="0" timestamp="22 May 2020 16:42:46 GMT" time="0.004" errors="0">
  <testcase name="m3" time="0.004" classname="Demo_TestNG.Demo_TestNG.annotation_1"/>
</testsuite> <!-- Demo_TestNG.Demo_TestNG.annotation_1 -->
