<?xml version="1.0" encoding="UTF-8"?>
<!-- Generated by org.testng.reporters.JUnitReportReporter -->
<testsuite skipped="0" hostname="LAPTOP-GCS6IJGA" name="Demo_TestNG.Demo_TestNG.annotations" tests="1" failures="0" timestamp="21 May 2020 22:22:43 GMT" time="0.010" errors="0">
  <testcase name="m11" time="0.010" classname="Demo_TestNG.Demo_TestNG.annotations"/>
</testsuite> <!-- Demo_TestNG.Demo_TestNG.annotations -->
