<?xml version="1.0" encoding="UTF-8"?>
<!-- Generated by org.testng.reporters.JUnitReportReporter -->
<testsuite skipped="0" hostname="LAPTOP-GCS6IJGA" name="Demo_TestNG.Demo_TestNG.TC_Login" tests="3" failures="0" timestamp="26 May 2020 06:48:15 GMT" time="0.003" errors="0">
  <testcase name="TC_Login_04" time="0.001" classname="Demo_TestNG.Demo_TestNG.TC_Login"/>
  <testcase name="TC_Login_01" time="0.001" classname="Demo_TestNG.Demo_TestNG.TC_Login"/>
  <testcase name="TC_Login_02" time="0.001" classname="Demo_TestNG.Demo_TestNG.TC_Login"/>
</testsuite> <!-- Demo_TestNG.Demo_TestNG.TC_Login -->
