<?xml version="1.0" encoding="UTF-8"?>
<!-- Generated by org.testng.reporters.JUnitReportReporter -->
<testsuite skipped="0" hostname="LAPTOP-GCS6IJGA" name="Demo_TestNG.Demo_TestNG.TC_Home_Group" tests="1" failures="0" timestamp="26 May 2020 07:29:33 GMT" time="0.010" errors="0">
  <testcase name="TC_Home_02" time="0.010" classname="Demo_TestNG.Demo_TestNG.TC_Home_Group"/>
</testsuite> <!-- Demo_TestNG.Demo_TestNG.TC_Home_Group -->
