<?xml version="1.0" encoding="UTF-8"?>
<!-- Generated by org.testng.reporters.JUnitReportReporter -->
<testsuite skipped="0" hostname="LAPTOP-GCS6IJGA" name="Demo_TestNG.Demo_TestNG.Demo_dataProvider" tests="10" failures="0" timestamp="25 May 2020 22:51:31 GMT" time="0.401" errors="0">
  <testcase name="validatingTrainerInfo" time="0.033" classname="Demo_TestNG.Demo_TestNG.Demo_dataProvider"/>
  <testcase name="validatingTrainerInfo" time="0.037" classname="Demo_TestNG.Demo_TestNG.Demo_dataProvider"/>
  <testcase name="validatingTrainerInfo" time="0.032" classname="Demo_TestNG.Demo_TestNG.Demo_dataProvider"/>
  <testcase name="validatingTrainerInfo" time="0.033" classname="Demo_TestNG.Demo_TestNG.Demo_dataProvider"/>
  <testcase name="validatingTrainerInfo" time="0.034" classname="Demo_TestNG.Demo_TestNG.Demo_dataProvider"/>
  <testcase name="validatingTrainerInfo" time="0.029" classname="Demo_TestNG.Demo_TestNG.Demo_dataProvider"/>
  <testcase name="validatingTrainerInfo" time="0.029" classname="Demo_TestNG.Demo_TestNG.Demo_dataProvider"/>
  <testcase name="validatingTrainerInfo" time="0.071" classname="Demo_TestNG.Demo_TestNG.Demo_dataProvider"/>
  <testcase name="validatingTrainerInfo" time="0.069" classname="Demo_TestNG.Demo_TestNG.Demo_dataProvider"/>
  <testcase name="validatingTrainerInfo" time="0.034" classname="Demo_TestNG.Demo_TestNG.Demo_dataProvider"/>
</testsuite> <!-- Demo_TestNG.Demo_TestNG.Demo_dataProvider -->
