<?xml version="1.0" encoding="UTF-8"?>
<!-- Generated by org.testng.reporters.JUnitReportReporter -->
<testsuite skipped="0" hostname="LAPTOP-GCS6IJGA" name="Demo_TestNG.Demo_TestNG.attest_annotation" tests="4" failures="0" timestamp="21 May 2020 22:28:47 GMT" time="0.000" errors="0">
  <testcase name="m1" time="0.000" classname="Demo_TestNG.Demo_TestNG.attest_annotation"/>
  <testcase name="a1M1" time="0.000" classname="Demo_TestNG.Demo_TestNG.attest_annotation"/>
  <testcase name="aM1" time="0.000" classname="Demo_TestNG.Demo_TestNG.attest_annotation"/>
  <testcase name="A2M1" time="0.000" classname="Demo_TestNG.Demo_TestNG.attest_annotation"/>
</testsuite> <!-- Demo_TestNG.Demo_TestNG.attest_annotation -->
