<?xml version="1.0" encoding="UTF-8"?>
<!-- Generated by org.testng.reporters.JUnitReportReporter -->
<testsuite skipped="0" hostname="LAPTOP-GCS6IJGA" name="Demo_TestNG.Demo_TestNG.TC_Login_Group" tests="2" failures="0" timestamp="14 Jun 2020 08:37:05 GMT" time="0.000" errors="0">
  <testcase name="TC_Login_01" time="0.000" classname="Demo_TestNG.Demo_TestNG.TC_Login_Group"/>
  <testcase name="TC_Login_03" time="0.000" classname="Demo_TestNG.Demo_TestNG.TC_Login_Group"/>
</testsuite> <!-- Demo_TestNG.Demo_TestNG.TC_Login_Group -->
